Start testing: May 22 13:46 Œrodkowoeuropejski czas letni
----------------------------------------------------------
1/1 Testing: SnakeTests
1/1 Test: SnakeTests
Command: "C:/Users/jakub/PROI/gra_achtung_die_kurve/build/projekt_tests.exe"
Directory: C:/Users/jakub/PROI/gra_achtung_die_kurve/build
"SnakeTests" start time: May 22 13:46 Œrodkowoeuropejski czas letni
Output:
----------------------------------------------------------
[==========] Running 1 test from 1 test suite.
[----------] Global test environment set-up.
[----------] 1 test from SnakeTest
[ RUN      ] SnakeTest.ConstructorInitializesFields
C:\Users\jakub\PROI\gra_achtung_die_kurve\tests\test_snake.cpp:13: Failure
Expected: (snake.get_angle()) >= (355), actual: 13 vs 355

[  FAILED  ] SnakeTest.ConstructorInitializesFields (1 ms)
[----------] 1 test from SnakeTest (1 ms total)

[----------] Global test environment tear-down
[==========] 1 test from 1 test suite ran. (2 ms total)
[  PASSED  ] 0 tests.
[  FAILED  ] 1 test, listed below:
[  FAILED  ] SnakeTest.ConstructorInitializesFields

 1 FAILED TEST
<end of output>
Test time =   0.09 sec
----------------------------------------------------------
Test Failed.
"SnakeTests" end time: May 22 13:46 Œrodkowoeuropejski czas letni
"SnakeTests" time elapsed: 00:00:00
----------------------------------------------------------

End testing: May 22 13:46 Œrodkowoeuropejski czas letni
