Start testing: May 22 13:48 Œrodkowoeuropejski czas letni
----------------------------------------------------------
1/1 Testing: SnakeTests
1/1 Test: SnakeTests
Command: "C:/Users/jakub/PROI/gra_achtung_die_kurve/build/projekt_tests.exe"
Directory: C:/Users/jakub/PROI/gra_achtung_die_kurve/build
"SnakeTests" start time: May 22 13:48 Œrodkowoeuropejski czas letni
Output:
----------------------------------------------------------
[==========] Running 1 test from 1 test suite.
[----------] Global test environment set-up.
[----------] 1 test from SnakeTest
[ RUN      ] SnakeTest.ConstructorInitializesFields
[       OK ] SnakeTest.ConstructorInitializesFields (0 ms)
[----------] 1 test from SnakeTest (0 ms total)

[----------] Global test environment tear-down
[==========] 1 test from 1 test suite ran. (0 ms total)
[  PASSED  ] 1 test.
<end of output>
Test time =   0.07 sec
----------------------------------------------------------
Test Passed.
"SnakeTests" end time: May 22 13:48 Œrodkowoeuropejski czas letni
"SnakeTests" time elapsed: 00:00:00
----------------------------------------------------------

End testing: May 22 13:48 Œrodkowoeuropejski czas letni
