<?xml version="1.0" encoding="UTF-8"?>
<Site BuildName="(empty)"
	BuildStamp="20240522-1021-Experimental"
	Name="(empty)"
	Generator="ctest-3.29.0"
	CompilerName=""
	CompilerVersion=""
	OSName="Windows"
	Hostname="komp_barszcz"
	OSRelease=" Personal"
	OSVersion=" (Build 22631)"
	OSPlatform="AMD64"
	Is64Bits="1"
	VendorString="GenuineIntel"
	VendorID="Intel Corporation"
	FamilyID="6"
	ModelID="13"
	ProcessorCacheSize="-1"
	NumberOfLogicalCPU="12"
	NumberOfPhysicalCPU="6"
	TotalVirtualMemory="22547"
	TotalPhysicalMemory="16147"
	LogicalProcessorsPerPhysical="2"
	ProcessorClockFrequency="2688"
	>
	<Testing>
		<StartDateTime>May 22 13:48 [NON-UTF-8-BYTE-0x8C]rodkowoeuropejski czas letni</StartDateTime>
		<StartTestTime>1716378480</StartTestTime>
		<TestList>
			<Test>./SnakeTests</Test>
		</TestList>
		<Test Status="passed">
			<Name>SnakeTests</Name>
			<Path>.</Path>
			<FullName>./SnakeTests</FullName>
			<FullCommandLine>C:\Users\jakub\PROI\gra_achtung_die_kurve\build\projekt_tests.exe</FullCommandLine>
			<Results>
				<NamedMeasurement type="numeric/double" name="Execution Time">
					<Value>0.0747793</Value>
				</NamedMeasurement>
				<NamedMeasurement type="numeric/double" name="Processors">
					<Value>1</Value>
				</NamedMeasurement>
				<NamedMeasurement type="text/string" name="Completion Status">
					<Value>Completed</Value>
				</NamedMeasurement>
				<NamedMeasurement type="text/string" name="Command Line">
					<Value>C:\Users\jakub\PROI\gra_achtung_die_kurve\build\projekt_tests.exe</Value>
				</NamedMeasurement>
				<NamedMeasurement type="text/string" name="Environment">
					<Value>#CTEST_RESOURCE_GROUP_COUNT=</Value>
				</NamedMeasurement>
				<Measurement>
					<Value encoding="base64" compression="gzip">eJyNUMsKwjAQvOcr9mgPLfoBHsQXIqi0eio9RLtKMN1IslHw640WaxWEzmkfs4+ZfNiggNQTKTrBABgdw9Ga6h07rxgTkccNCphrs5e67iNdlTVUIQUucuwvP+T2zozkGbchFTmkuxW8UHzKydiQY+sPbOyCFCup1R3dTKEuXZipsV52noFeHyoXdfioZgIbljoS3fQyShuX5kYib7v5z0WwkpLvO0HSZpRl08nThpqbiAdHiYC7====</Value>
				</Measurement>
			</Results>
		</Test>
		<EndDateTime>May 22 13:48 [NON-UTF-8-BYTE-0x8C]rodkowoeuropejski czas letni</EndDateTime>
		<EndTestTime>1716378480</EndTestTime>
		<ElapsedMinutes>0</ElapsedMinutes>
	</Testing>
</Site>
